<?xml version="1.0" encoding="UTF-8"?>
<!-- Generated by org.testng.reporters.JUnitXMLReporter -->
<testsuite hostname="Avinav-PC" ignored="0" name="Test Name here" tests="3" failures="1" timestamp="15 Jun 2021 03:38:29 GMT" time="0.19" errors="0">
  <testcase name="googleTitleTest" time="0.024" classname="com.selenium.TestNGBasics"/>
  <testcase name="searchTest" time="0.005" classname="com.selenium.TestNGBasics"/>
  <testcase name="loginTest" time="0.008" classname="com.selenium.TestNGFeatures">
    <failure type="java.lang.ArithmeticException" message="/ by zero">
      <![CDATA[java.lang.ArithmeticException: / by zero
at com.selenium.TestNGFeatures.loginTest(TestNGFeatures.java:11)
... Removed 25 stack frames]]>
    </failure>
  </testcase> <!-- loginTest -->
</testsuite> <!-- Test Name here -->
